*** Using Compiler 'V5.06 update 7 (build 960)', folder: 'C:\Keil_v5\ARM\ARMCC\Bin'
Build target 'motor1'
assembling startup_stm32f750xx.s...
compiling gpio.c...
compiling stm32f7xx_hal_cortex.c...
compiling stm32f7xx_it.c...
compiling stm32f7xx_hal_msp.c...
compiling main.c...
compiling usart.c...
compiling tim.c...
compiling stm32f7xx_hal_tim_ex.c...
compiling stm32f7xx_hal_rcc.c...
compiling stm32f7xx_hal_rcc_ex.c...
compiling stm32f7xx_hal_tim.c...
compiling stm32f7xx_hal_dma.c...
compiling stm32f7xx_hal.c...
compiling stm32f7xx_hal_flash.c...
compiling stm32f7xx_hal_flash_ex.c...
compiling stm32f7xx_hal_i2c_ex.c...
compiling stm32f7xx_hal_pwr_ex.c...
compiling stm32f7xx_hal_pwr.c...
compiling stm32f7xx_hal_exti.c...
compiling stm32f7xx_hal_dma_ex.c...
compiling stm32f7xx_hal_gpio.c...
compiling stm32f7xx_hal_i2c.c...
compiling system_stm32f7xx.c...
compiling wheel_task.c...
compiling usmart.c...
compiling wheel_pwm.c...
compiling wheel_config.c...
compiling wheel_encode.c...
compiling stm32f7xx_hal_uart_ex.c...
compiling usmart_config.c...
compiling wheel.c...
..\supercar\wheel.c(140): warning:  #177-D: variable "why"  was declared but never referenced
     float why =0;
..\supercar\wheel.c: 1 warning, 0 errors
compiling stm32f7xx_hal_uart.c...
compiling journey.c...
compiling pid.c...
..\Calculate\pid.c(70): warning:  #550-D: variable "controller_dt"  was set but never used
      float controller_dt;
..\Calculate\pid.c: 1 warning, 0 errors
compiling turn_task.c...
compiling imu_task.c...
compiling track_task.c...
compiling time_cnt.c...
compiling m294.c...
compiling usmart_str.c...
compiling imu.c...
compiling snow.c...
compiling time_delay.c...
compiling bar.c...
compiling lsc.c...
compiling qrcode.c...
compiling openmv.c...
compiling stack_transfer.c...
linking...
Program Size: Code=54428 RO-data=1172 RW-data=800 ZI-data=3296  
FromELF: creating hex file...
"motor1\motor1.axf" - 0 Error(s), 2 Warning(s).
Build Time Elapsed:  00:00:52
